Using pre-set license
Built from '2021.1/release' branch; Version is '2021.1.0f1 (61a549675243) revision 6399305'; Using compiler version '192528614'; Build Type 'Release'
OS: 'Windows 10 Home Single Language; OS build 19044.1645; Version 2009; 64bit' Language: 'es' Physical Memory: 8029 MB
BatchMode: 1, IsHumanControllingUs: 0, StartBugReporterOnCrash: 0, Is64bit: 1, IsPro: 0

 COMMAND LINE ARGUMENTS:
C:\Program Files\Unity\Hub\Editor\2021.1.0f1\Editor\Unity.exe
-adb2
-batchMode
-noUpm
-name
AssetImportWorker0
-projectPath
C:/Users/geral/Unity Projects/Laberinto - RB
-logFile
Logs/AssetImportWorker0.log
-srvPort
49489
Successfully changed project path to: C:/Users/geral/Unity Projects/Laberinto - RB
C:/Users/geral/Unity Projects/Laberinto - RB
Using Asset Import Pipeline V2.
Refreshing native plugins compatible for Editor in 115.18 ms, found 2 plugins.
Preloading 0 native plugins for Editor in 0.00 ms.
Initialize engine version: 2021.1.0f1 (61a549675243)
[Subsystems] Discovering subsystems at path C:/Program Files/Unity/Hub/Editor/2021.1.0f1/Editor/Data/Resources/UnitySubsystems
[Subsystems] Discovering subsystems at path C:/Users/geral/Unity Projects/Laberinto - RB/Assets
GfxDevice: creating device client; threaded=0; jobified=0
Direct3D:
    Version:  Direct3D 11.0 [level 11.1]
    Renderer: NVIDIA GeForce GTX 1650 (ID=0x1f99)
    Vendor:   NVIDIA
    VRAM:     3962 MB
    Driver:   30.0.15.1169
Initialize mono
Mono path[0] = 'C:/Program Files/Unity/Hub/Editor/2021.1.0f1/Editor/Data/Managed'
Mono path[1] = 'C:/Program Files/Unity/Hub/Editor/2021.1.0f1/Editor/Data/MonoBleedingEdge/lib/mono/unityjit'
Mono config path = 'C:/Program Files/Unity/Hub/Editor/2021.1.0f1/Editor/Data/MonoBleedingEdge/etc'
Using monoOptions --debugger-agent=transport=dt_socket,embedding=1,server=y,suspend=n,address=127.0.0.1:56916
Begin MonoManager ReloadAssembly
Registering precompiled unity dll's ...
Register platform support module: C:/Program Files/Unity/Hub/Editor/2021.1.0f1/Editor/Data/PlaybackEngines/WindowsStandaloneSupport/UnityEditor.WindowsStandalone.Extensions.dll
Registered in 0.003070 seconds.
Native extension for WindowsStandalone target not found
Refreshing native plugins compatible for Editor in 87.11 ms, found 2 plugins.
Preloading 0 native plugins for Editor in 0.00 ms.
Mono: successfully reloaded assembly
- Completed reload, in  6.170 seconds
Platform modules already initialized, skipping
Registering precompiled user dll's ...
Registered in 0.010320 seconds.
Begin MonoManager ReloadAssembly
Native extension for WindowsStandalone target not found
Refreshing native plugins compatible for Editor in 86.53 ms, found 2 plugins.
Preloading 0 native plugins for Editor in 0.00 ms.
Mono: successfully reloaded assembly
- Completed reload, in  1.111 seconds
Platform modules already initialized, skipping
========================================================================
Worker process is ready to serve import requests
Launched and connected shader compiler UnityShaderCompiler.exe after 0.04 seconds
Refreshing native plugins compatible for Editor in 0.60 ms, found 2 plugins.
Preloading 0 native plugins for Editor in 0.00 ms.
Unloading 3371 Unused Serialized files (Serialized files now loaded: 0)
System memory in use before: 127.7 MB.
System memory in use after: 127.8 MB.

Unloading 29 unused Assets to reduce memory usage. Loaded Objects now: 3824.
Total: 2.713300 ms (FindLiveObjects: 0.447400 ms CreateObjectMapping: 0.355100 ms MarkObjects: 1.811200 ms  DeleteObjects: 0.098600 ms)

========================================================================
Received Import Request.
  path: Assets/Scripts/Enemy.cs
  artifactKey: Guid(c3ca61bcb934d4e4faf68f7755722a11) Importer(815301076,1909f56bfc062723c751e8b465ee728b)
Start importing Assets/Scripts/Enemy.cs using Guid(c3ca61bcb934d4e4faf68f7755722a11) Importer(815301076,1909f56bfc062723c751e8b465ee728b)  -> (artifact id: 'df05701e4bfc5d857c37e895162db474') in 0.025562 seconds 
========================================================================
Received Prepare
Registering precompiled user dll's ...
Registered in 0.009444 seconds.
Begin MonoManager ReloadAssembly
Native extension for WindowsStandalone target not found
Refreshing native plugins compatible for Editor in 0.60 ms, found 2 plugins.
Preloading 0 native plugins for Editor in 0.00 ms.
Mono: successfully reloaded assembly
- Completed reload, in  0.874 seconds
Platform modules already initialized, skipping
Refreshing native plugins compatible for Editor in 0.60 ms, found 2 plugins.
Preloading 0 native plugins for Editor in 0.00 ms.
Unloading 3366 Unused Serialized files (Serialized files now loaded: 0)
System memory in use before: 127.7 MB.
System memory in use after: 127.8 MB.

Unloading 17 unused Assets to reduce memory usage. Loaded Objects now: 3828.
Total: 2.564100 ms (FindLiveObjects: 0.327400 ms CreateObjectMapping: 0.188700 ms MarkObjects: 1.953900 ms  DeleteObjects: 0.092000 ms)

========================================================================
Received Import Request.
  Time since last request: 2032.181355 seconds.
  path: Assets/Scripts/Goal.cs
  artifactKey: Guid(e5e1fc38ce812e04585cbe9c58fa66d8) Importer(815301076,1909f56bfc062723c751e8b465ee728b)
Start importing Assets/Scripts/Goal.cs using Guid(e5e1fc38ce812e04585cbe9c58fa66d8) Importer(815301076,1909f56bfc062723c751e8b465ee728b)  -> (artifact id: 'febeb6f058888788da13c836b7fcf801') in 0.303671 seconds 
========================================================================
Received Prepare
Registering precompiled user dll's ...
Registered in 0.004027 seconds.
Begin MonoManager ReloadAssembly
Native extension for WindowsStandalone target not found
Refreshing native plugins compatible for Editor in 0.74 ms, found 2 plugins.
Preloading 0 native plugins for Editor in 0.00 ms.
Mono: successfully reloaded assembly
- Completed reload, in  1.199 seconds
Platform modules already initialized, skipping
Refreshing native plugins compatible for Editor in 0.64 ms, found 2 plugins.
Preloading 0 native plugins for Editor in 0.00 ms.
Unloading 3367 Unused Serialized files (Serialized files now loaded: 0)
System memory in use before: 127.8 MB.
System memory in use after: 127.9 MB.

Unloading 17 unused Assets to reduce memory usage. Loaded Objects now: 3833.
Total: 2.706400 ms (FindLiveObjects: 0.310900 ms CreateObjectMapping: 0.223400 ms MarkObjects: 2.063100 ms  DeleteObjects: 0.107800 ms)

========================================================================
Received Import Request.
  Time since last request: 1812.738323 seconds.
  path: Assets/Assets/Pixel Adventure 1/Assets/Items/Checkpoints
  artifactKey: Guid(579c5569f698b454d8f2bf35433059ea) Importer(815301076,1909f56bfc062723c751e8b465ee728b)
Start importing Assets/Assets/Pixel Adventure 1/Assets/Items/Checkpoints using Guid(579c5569f698b454d8f2bf35433059ea) Importer(815301076,1909f56bfc062723c751e8b465ee728b)  -> (artifact id: '42bdc8f639067f1c3639b62658447dc1') in 0.080540 seconds 
========================================================================
Received Import Request.
  Time since last request: 1.106016 seconds.
  path: Assets/Assets/Pixel Adventure 1/Assets/Items/Checkpoints/End
  artifactKey: Guid(6992f1c59d329a545aafe0c44bb73a41) Importer(815301076,1909f56bfc062723c751e8b465ee728b)
Start importing Assets/Assets/Pixel Adventure 1/Assets/Items/Checkpoints/End using Guid(6992f1c59d329a545aafe0c44bb73a41) Importer(815301076,1909f56bfc062723c751e8b465ee728b)  -> (artifact id: '6aa4fd2ec34c60afb3c460b5bc51777b') in 0.010030 seconds 
========================================================================
Received Import Request.
  Time since last request: 0.753315 seconds.
  path: Assets/Assets/Pixel Adventure 1/Assets/Items/Checkpoints/End/End (Idle).png
  artifactKey: Guid(4668f08864533f24b9b5980d5cc57089) Importer(815301076,1909f56bfc062723c751e8b465ee728b)
Start importing Assets/Assets/Pixel Adventure 1/Assets/Items/Checkpoints/End/End (Idle).png using Guid(4668f08864533f24b9b5980d5cc57089) Importer(815301076,1909f56bfc062723c751e8b465ee728b)  -> (artifact id: '6aabe3275f8b1d69ba213e2975a5c53f') in 0.189952 seconds 
========================================================================
Received Import Request.
  Time since last request: 0.000188 seconds.
  path: Assets/Assets/Pixel Adventure 1/Assets/Items/Checkpoints/End/End (Pressed) (64x64).png
  artifactKey: Guid(e2b42ecdf887de146ada435603f4c95b) Importer(815301076,1909f56bfc062723c751e8b465ee728b)
Start importing Assets/Assets/Pixel Adventure 1/Assets/Items/Checkpoints/End/End (Pressed) (64x64).png using Guid(e2b42ecdf887de146ada435603f4c95b) Importer(815301076,1909f56bfc062723c751e8b465ee728b)  -> (artifact id: '480312cbbc3a562d87adef82398ec431') in 0.067172 seconds 
========================================================================
Received Prepare
Registering precompiled user dll's ...
Registered in 0.005184 seconds.
Begin MonoManager ReloadAssembly
Native extension for WindowsStandalone target not found
Refreshing native plugins compatible for Editor in 0.61 ms, found 2 plugins.
Preloading 0 native plugins for Editor in 0.00 ms.
Mono: successfully reloaded assembly
- Completed reload, in  1.132 seconds
Platform modules already initialized, skipping
Refreshing native plugins compatible for Editor in 0.69 ms, found 2 plugins.
Preloading 0 native plugins for Editor in 0.00 ms.
Unloading 3369 Unused Serialized files (Serialized files now loaded: 0)
System memory in use before: 132.5 MB.
System memory in use after: 132.6 MB.

Unloading 17 unused Assets to reduce memory usage. Loaded Objects now: 3874.
Total: 2.581200 ms (FindLiveObjects: 0.276500 ms CreateObjectMapping: 0.186900 ms MarkObjects: 2.013000 ms  DeleteObjects: 0.104000 ms)

========================================================================
Received Import Request.
  Time since last request: 2963.038006 seconds.
  path: Assets/Prefabs/Pstay.prefab
  artifactKey: Guid(cecbdca2065393b4ea4c995dedff8c07) Importer(815301076,1909f56bfc062723c751e8b465ee728b)
Start importing Assets/Prefabs/Pstay.prefab using Guid(cecbdca2065393b4ea4c995dedff8c07) Importer(815301076,1909f56bfc062723c751e8b465ee728b)  -> (artifact id: 'beb0f9698b1e20159700d12eaecec01c') in 0.093323 seconds 
========================================================================
Received Import Request.
  Time since last request: 3.647769 seconds.
  path: Assets/Prefabs/Goal.prefab
  artifactKey: Guid(e093fc0ffaa52fa4899111add5035d1e) Importer(815301076,1909f56bfc062723c751e8b465ee728b)
Start importing Assets/Prefabs/Goal.prefab using Guid(e093fc0ffaa52fa4899111add5035d1e) Importer(815301076,1909f56bfc062723c751e8b465ee728b)  -> (artifact id: '0427f916f0210c501767af378bda298c') in 0.010472 seconds 
========================================================================
Received Import Request.
  Time since last request: 25.438333 seconds.
  path: Assets/Scenes/Goal.unity
  artifactKey: Guid(7bb79e6270a21744c8b7d33d3a4b7297) Importer(815301076,1909f56bfc062723c751e8b465ee728b)
Start importing Assets/Scenes/Goal.unity using Guid(7bb79e6270a21744c8b7d33d3a4b7297) Importer(815301076,1909f56bfc062723c751e8b465ee728b)  -> (artifact id: 'facc9918f2bb209f4f51aeb80d3643b2') in 0.014695 seconds 
========================================================================
Received Import Request.
  Time since last request: 12.192754 seconds.
  path: Assets/Scenes/Retry.unity
  artifactKey: Guid(ce8288bdeae3dad42aabf34c8d116ba5) Importer(815301076,1909f56bfc062723c751e8b465ee728b)
Start importing Assets/Scenes/Retry.unity using Guid(ce8288bdeae3dad42aabf34c8d116ba5) Importer(815301076,1909f56bfc062723c751e8b465ee728b)  -> (artifact id: '4f71848cc8b6c0ea30fd48aa7c6cdf7b') in 0.008090 seconds 
========================================================================
Received Import Request.
  Time since last request: 5.431611 seconds.
  path: Assets/Scenes/SampleScene.unity
  artifactKey: Guid(2cda990e2423bbf4892e6590ba056729) Importer(815301076,1909f56bfc062723c751e8b465ee728b)
Start importing Assets/Scenes/SampleScene.unity using Guid(2cda990e2423bbf4892e6590ba056729) Importer(815301076,1909f56bfc062723c751e8b465ee728b)  -> (artifact id: '9a23c2aa0a73342d0003ca12b54de9ac') in 0.006954 seconds 
========================================================================
Received Prepare
Registering precompiled user dll's ...
Registered in 0.003184 seconds.
Begin MonoManager ReloadAssembly
Native extension for WindowsStandalone target not found
Refreshing native plugins compatible for Editor in 0.65 ms, found 2 plugins.
Preloading 0 native plugins for Editor in 0.00 ms.
Mono: successfully reloaded assembly
- Completed reload, in  1.100 seconds
Platform modules already initialized, skipping
Refreshing native plugins compatible for Editor in 0.64 ms, found 2 plugins.
Preloading 0 native plugins for Editor in 0.00 ms.
Unloading 3368 Unused Serialized files (Serialized files now loaded: 0)
System memory in use before: 132.4 MB.
System memory in use after: 132.6 MB.

Unloading 17 unused Assets to reduce memory usage. Loaded Objects now: 3884.
Total: 3.797000 ms (FindLiveObjects: 0.506500 ms CreateObjectMapping: 0.422000 ms MarkObjects: 2.754600 ms  DeleteObjects: 0.112000 ms)

========================================================================
Received Import Request.
  Time since last request: 121.685251 seconds.
  path: Assets/Scripts/Retry.cs
  artifactKey: Guid(915a9c080b87fc64f9c4c1dd1372144b) Importer(815301076,1909f56bfc062723c751e8b465ee728b)
Start importing Assets/Scripts/Retry.cs using Guid(915a9c080b87fc64f9c4c1dd1372144b) Importer(815301076,1909f56bfc062723c751e8b465ee728b)  -> (artifact id: 'adf9ccfe9eae1e69c9fcfa85683167dc') in 0.010497 seconds 
========================================================================
Received Prepare
Registering precompiled user dll's ...
Registered in 0.004648 seconds.
Begin MonoManager ReloadAssembly
Native extension for WindowsStandalone target not found
Refreshing native plugins compatible for Editor in 0.89 ms, found 2 plugins.
Preloading 0 native plugins for Editor in 0.00 ms.
Mono: successfully reloaded assembly
- Completed reload, in  1.050 seconds
Platform modules already initialized, skipping
Refreshing native plugins compatible for Editor in 0.80 ms, found 2 plugins.
Preloading 0 native plugins for Editor in 0.00 ms.
Unloading 3368 Unused Serialized files (Serialized files now loaded: 0)
System memory in use before: 132.5 MB.
System memory in use after: 132.6 MB.

Unloading 17 unused Assets to reduce memory usage. Loaded Objects now: 3888.
Total: 2.827600 ms (FindLiveObjects: 0.539200 ms CreateObjectMapping: 0.331000 ms MarkObjects: 1.864500 ms  DeleteObjects: 0.091700 ms)

========================================================================
Received Prepare
Registering precompiled user dll's ...
Registered in 0.002971 seconds.
Begin MonoManager ReloadAssembly
Native extension for WindowsStandalone target not found
Refreshing native plugins compatible for Editor in 0.64 ms, found 2 plugins.
Preloading 0 native plugins for Editor in 0.00 ms.
Mono: successfully reloaded assembly
- Completed reload, in  1.043 seconds
Platform modules already initialized, skipping
Refreshing native plugins compatible for Editor in 0.60 ms, found 2 plugins.
Preloading 0 native plugins for Editor in 0.00 ms.
Unloading 3368 Unused Serialized files (Serialized files now loaded: 0)
System memory in use before: 132.5 MB.
System memory in use after: 132.6 MB.

Unloading 17 unused Assets to reduce memory usage. Loaded Objects now: 3892.
Total: 2.826100 ms (FindLiveObjects: 0.407700 ms CreateObjectMapping: 0.340300 ms MarkObjects: 1.892100 ms  DeleteObjects: 0.185300 ms)

========================================================================
Received Prepare
Registering precompiled user dll's ...
Registered in 0.002959 seconds.
Begin MonoManager ReloadAssembly
Native extension for WindowsStandalone target not found
Refreshing native plugins compatible for Editor in 0.62 ms, found 2 plugins.
Preloading 0 native plugins for Editor in 0.00 ms.
Mono: successfully reloaded assembly
- Completed reload, in  0.883 seconds
Platform modules already initialized, skipping
Refreshing native plugins compatible for Editor in 0.60 ms, found 2 plugins.
Preloading 0 native plugins for Editor in 0.00 ms.
Unloading 3368 Unused Serialized files (Serialized files now loaded: 0)
System memory in use before: 132.5 MB.
System memory in use after: 132.6 MB.

Unloading 17 unused Assets to reduce memory usage. Loaded Objects now: 3896.
Total: 2.689900 ms (FindLiveObjects: 0.492600 ms CreateObjectMapping: 0.260100 ms MarkObjects: 1.845800 ms  DeleteObjects: 0.090500 ms)

========================================================================
Received Import Request.
  Time since last request: 307.615043 seconds.
  path: Assets/Scenes/Retry.unity
  artifactKey: Guid(ce8288bdeae3dad42aabf34c8d116ba5) Importer(815301076,1909f56bfc062723c751e8b465ee728b)
Start importing Assets/Scenes/Retry.unity using Guid(ce8288bdeae3dad42aabf34c8d116ba5) Importer(815301076,1909f56bfc062723c751e8b465ee728b)  -> (artifact id: '005e1456aceb90a8edc65241adab49ac') in 0.026128 seconds 
========================================================================
Received Import Request.
  Time since last request: 3747.596393 seconds.
  path: Assets/Scenes/Goal.unity
  artifactKey: Guid(7bb79e6270a21744c8b7d33d3a4b7297) Importer(815301076,1909f56bfc062723c751e8b465ee728b)
Start importing Assets/Scenes/Goal.unity using Guid(7bb79e6270a21744c8b7d33d3a4b7297) Importer(815301076,1909f56bfc062723c751e8b465ee728b)  -> (artifact id: 'cf0794ef187942fceb6b1f849905b13e') in 0.069404 seconds 
========================================================================
Received Import Request.
  Time since last request: 159.409428 seconds.
  path: Assets/Background.png
  artifactKey: Guid(bdec1209f70f9cf47b7530b69f82038d) Importer(815301076,1909f56bfc062723c751e8b465ee728b)
Start importing Assets/Background.png using Guid(bdec1209f70f9cf47b7530b69f82038d) Importer(815301076,1909f56bfc062723c751e8b465ee728b)  -> (artifact id: '7669ca90db7664d6fbd5ba061156e788') in 0.461699 seconds 
========================================================================
Received Import Request.
  Time since last request: 48.974727 seconds.
  path: Assets/Assets/Pixel Adventure 1/Assets/Items/Checkpoints/Start
  artifactKey: Guid(afd2382c3d21e774aa5370bccda11797) Importer(815301076,1909f56bfc062723c751e8b465ee728b)
Start importing Assets/Assets/Pixel Adventure 1/Assets/Items/Checkpoints/Start using Guid(afd2382c3d21e774aa5370bccda11797) Importer(815301076,1909f56bfc062723c751e8b465ee728b)  -> (artifact id: 'd3b9354dd3ab9647e47332704b831448') in 0.013277 seconds 
========================================================================
Received Import Request.
  Time since last request: 0.031961 seconds.
  path: Assets/Assets/Pixel Adventure 1/Assets/Items/Checkpoints/Start/Start (Idle).png
  artifactKey: Guid(3016a57ecc98e9e46b7a110ddd486ee9) Importer(815301076,1909f56bfc062723c751e8b465ee728b)
Start importing Assets/Assets/Pixel Adventure 1/Assets/Items/Checkpoints/Start/Start (Idle).png using Guid(3016a57ecc98e9e46b7a110ddd486ee9) Importer(815301076,1909f56bfc062723c751e8b465ee728b)  -> (artifact id: '1fd3e5d9c65e207ece1a59351adfd41e') in 0.029688 seconds 
========================================================================
Received Import Request.
  Time since last request: 0.000133 seconds.
  path: Assets/Assets/Pixel Adventure 1/Assets/Items/Checkpoints/Start/Start (Moving) (64x64).png
  artifactKey: Guid(953d2013647e1fb479bf559fccb58994) Importer(815301076,1909f56bfc062723c751e8b465ee728b)
Start importing Assets/Assets/Pixel Adventure 1/Assets/Items/Checkpoints/Start/Start (Moving) (64x64).png using Guid(953d2013647e1fb479bf559fccb58994) Importer(815301076,1909f56bfc062723c751e8b465ee728b)  -> (artifact id: '9ddc4a7779a5cabe7de0d25de22cc4df') in 0.079740 seconds 
========================================================================
Received Import Request.
  Time since last request: 31.072433 seconds.
  path: Assets/Assets/Pixel Adventure 1/Assets/Items/Fruits
  artifactKey: Guid(d8c3b8ef4ce4d06449ed14a7e7f164fd) Importer(815301076,1909f56bfc062723c751e8b465ee728b)
Start importing Assets/Assets/Pixel Adventure 1/Assets/Items/Fruits using Guid(d8c3b8ef4ce4d06449ed14a7e7f164fd) Importer(815301076,1909f56bfc062723c751e8b465ee728b)  -> (artifact id: '18838ff143bd44e237c959c760419f9a') in 0.008993 seconds 
========================================================================
Received Import Request.
  Time since last request: 66.912937 seconds.
  path: Assets/BUMBASTIKA.TTF
  artifactKey: Guid(fd424a89d869c1c4abe774d0845e498e) Importer(815301076,1909f56bfc062723c751e8b465ee728b)
Start importing Assets/BUMBASTIKA.TTF using Guid(fd424a89d869c1c4abe774d0845e498e) Importer(815301076,1909f56bfc062723c751e8b465ee728b)  -> (artifact id: '258afc9b670a91fd7001159b58acc1b9') in 0.107372 seconds 
========================================================================
Received Prepare
Registering precompiled user dll's ...
Registered in 0.003108 seconds.
Begin MonoManager ReloadAssembly
Native extension for WindowsStandalone target not found
Refreshing native plugins compatible for Editor in 0.71 ms, found 2 plugins.
Preloading 0 native plugins for Editor in 0.00 ms.
Mono: successfully reloaded assembly
- Completed reload, in  1.111 seconds
Platform modules already initialized, skipping
Refreshing native plugins compatible for Editor in 0.63 ms, found 2 plugins.
Preloading 0 native plugins for Editor in 0.00 ms.
Unloading 3372 Unused Serialized files (Serialized files now loaded: 0)
System memory in use before: 138.3 MB.
System memory in use after: 138.4 MB.

Unloading 17 unused Assets to reduce memory usage. Loaded Objects now: 4001.
Total: 6.580200 ms (FindLiveObjects: 0.329200 ms CreateObjectMapping: 0.202800 ms MarkObjects: 5.925900 ms  DeleteObjects: 0.120900 ms)

========================================================================
Received Prepare
Registering precompiled user dll's ...
Registered in 0.002803 seconds.
Begin MonoManager ReloadAssembly
Native extension for WindowsStandalone target not found
Refreshing native plugins compatible for Editor in 0.62 ms, found 2 plugins.
Preloading 0 native plugins for Editor in 0.00 ms.
Mono: successfully reloaded assembly
- Completed reload, in  0.877 seconds
Platform modules already initialized, skipping
Refreshing native plugins compatible for Editor in 0.66 ms, found 2 plugins.
Preloading 0 native plugins for Editor in 0.00 ms.
Unloading 3368 Unused Serialized files (Serialized files now loaded: 0)
System memory in use before: 138.1 MB.
System memory in use after: 138.2 MB.

Unloading 17 unused Assets to reduce memory usage. Loaded Objects now: 4005.
Total: 3.094000 ms (FindLiveObjects: 0.547600 ms CreateObjectMapping: 0.303800 ms MarkObjects: 2.135600 ms  DeleteObjects: 0.106100 ms)

========================================================================
Received Prepare
Registering precompiled user dll's ...
Registered in 0.002982 seconds.
Begin MonoManager ReloadAssembly
Native extension for WindowsStandalone target not found
Refreshing native plugins compatible for Editor in 0.61 ms, found 2 plugins.
Preloading 0 native plugins for Editor in 0.00 ms.
Mono: successfully reloaded assembly
- Completed reload, in  0.895 seconds
Platform modules already initialized, skipping
Refreshing native plugins compatible for Editor in 0.73 ms, found 2 plugins.
Preloading 0 native plugins for Editor in 0.00 ms.
Unloading 3368 Unused Serialized files (Serialized files now loaded: 0)
System memory in use before: 138.1 MB.
System memory in use after: 138.2 MB.

Unloading 17 unused Assets to reduce memory usage. Loaded Objects now: 4009.
Total: 2.634600 ms (FindLiveObjects: 0.391100 ms CreateObjectMapping: 0.225700 ms MarkObjects: 1.926500 ms  DeleteObjects: 0.089900 ms)

========================================================================
Received Prepare
Registering precompiled user dll's ...
Registered in 0.002820 seconds.
Begin MonoManager ReloadAssembly
Native extension for WindowsStandalone target not found
Refreshing native plugins compatible for Editor in 0.62 ms, found 2 plugins.
Preloading 0 native plugins for Editor in 0.00 ms.
Mono: successfully reloaded assembly
- Completed reload, in  0.864 seconds
Platform modules already initialized, skipping
Refreshing native plugins compatible for Editor in 0.60 ms, found 2 plugins.
Preloading 0 native plugins for Editor in 0.00 ms.
Unloading 3368 Unused Serialized files (Serialized files now loaded: 0)
System memory in use before: 138.1 MB.
System memory in use after: 138.2 MB.

Unloading 17 unused Assets to reduce memory usage. Loaded Objects now: 4013.
Total: 2.921300 ms (FindLiveObjects: 0.453500 ms CreateObjectMapping: 0.277500 ms MarkObjects: 2.098800 ms  DeleteObjects: 0.090400 ms)

========================================================================
Received Prepare
Registering precompiled user dll's ...
Registered in 0.002834 seconds.
Begin MonoManager ReloadAssembly
Native extension for WindowsStandalone target not found
Refreshing native plugins compatible for Editor in 0.72 ms, found 2 plugins.
Preloading 0 native plugins for Editor in 0.00 ms.
Mono: successfully reloaded assembly
- Completed reload, in  0.866 seconds
Platform modules already initialized, skipping
Refreshing native plugins compatible for Editor in 0.60 ms, found 2 plugins.
Preloading 0 native plugins for Editor in 0.00 ms.
Unloading 3368 Unused Serialized files (Serialized files now loaded: 0)
System memory in use before: 138.1 MB.
System memory in use after: 138.2 MB.

Unloading 17 unused Assets to reduce memory usage. Loaded Objects now: 4017.
Total: 2.544600 ms (FindLiveObjects: 0.321100 ms CreateObjectMapping: 0.194300 ms MarkObjects: 1.931300 ms  DeleteObjects: 0.096500 ms)

========================================================================
Received Prepare
Registering precompiled user dll's ...
Registered in 0.003714 seconds.
Begin MonoManager ReloadAssembly
Native extension for WindowsStandalone target not found
Refreshing native plugins compatible for Editor in 0.62 ms, found 2 plugins.
Preloading 0 native plugins for Editor in 0.00 ms.
Mono: successfully reloaded assembly
- Completed reload, in  0.878 seconds
Platform modules already initialized, skipping
Refreshing native plugins compatible for Editor in 0.60 ms, found 2 plugins.
Preloading 0 native plugins for Editor in 0.00 ms.
Unloading 3368 Unused Serialized files (Serialized files now loaded: 0)
System memory in use before: 138.2 MB.
System memory in use after: 138.3 MB.

Unloading 17 unused Assets to reduce memory usage. Loaded Objects now: 4021.
Total: 2.951800 ms (FindLiveObjects: 0.908000 ms CreateObjectMapping: 0.275900 ms MarkObjects: 1.682600 ms  DeleteObjects: 0.084300 ms)

========================================================================
Received Prepare
Registering precompiled user dll's ...
Registered in 0.012846 seconds.
Begin MonoManager ReloadAssembly
Native extension for WindowsStandalone target not found
Refreshing native plugins compatible for Editor in 1.24 ms, found 2 plugins.
Preloading 0 native plugins for Editor in 0.00 ms.
Mono: successfully reloaded assembly
- Completed reload, in  1.575 seconds
Platform modules already initialized, skipping
Refreshing native plugins compatible for Editor in 0.97 ms, found 2 plugins.
Preloading 0 native plugins for Editor in 0.00 ms.
Unloading 3368 Unused Serialized files (Serialized files now loaded: 0)
System memory in use before: 138.2 MB.
System memory in use after: 138.3 MB.

Unloading 17 unused Assets to reduce memory usage. Loaded Objects now: 4025.
Total: 3.761300 ms (FindLiveObjects: 1.162400 ms CreateObjectMapping: 0.351900 ms MarkObjects: 2.135400 ms  DeleteObjects: 0.107600 ms)

========================================================================
Received Import Request.
  Time since last request: 1748.679534 seconds.
  path: Assets/Scenes/Goal.unity
  artifactKey: Guid(7bb79e6270a21744c8b7d33d3a4b7297) Importer(815301076,1909f56bfc062723c751e8b465ee728b)
Start importing Assets/Scenes/Goal.unity using Guid(7bb79e6270a21744c8b7d33d3a4b7297) Importer(815301076,1909f56bfc062723c751e8b465ee728b)  -> (artifact id: '810c349f38d3fbf95baedceddba4323e') in 0.021607 seconds 
========================================================================
Received Import Request.
  Time since last request: 61.351675 seconds.
  path: Assets/Scenes/Retry.unity
  artifactKey: Guid(ce8288bdeae3dad42aabf34c8d116ba5) Importer(815301076,1909f56bfc062723c751e8b465ee728b)
Start importing Assets/Scenes/Retry.unity using Guid(ce8288bdeae3dad42aabf34c8d116ba5) Importer(815301076,1909f56bfc062723c751e8b465ee728b)  -> (artifact id: 'bfb29718da956f490f4445ffb83eb24d') in 0.030441 seconds 
========================================================================
Received Import Request.
  Time since last request: 19.800127 seconds.
  path: Assets/Assets/Pixel Adventure 1/Assets/Items/Fruits/Apple.png
  artifactKey: Guid(1ddc9afd21fec77489b1248d18f31b68) Importer(815301076,1909f56bfc062723c751e8b465ee728b)
Start importing Assets/Assets/Pixel Adventure 1/Assets/Items/Fruits/Apple.png using Guid(1ddc9afd21fec77489b1248d18f31b68) Importer(815301076,1909f56bfc062723c751e8b465ee728b)  -> (artifact id: '5ed1347581ce43ccba839d9d8593dd58') in 0.120516 seconds 
========================================================================
Received Import Request.
  Time since last request: 0.000241 seconds.
  path: Assets/Assets/Pixel Adventure 1/Assets/Items/Fruits/Melon.png
  artifactKey: Guid(031678d507e557a41b7a16fc33bf6c39) Importer(815301076,1909f56bfc062723c751e8b465ee728b)
Start importing Assets/Assets/Pixel Adventure 1/Assets/Items/Fruits/Melon.png using Guid(031678d507e557a41b7a16fc33bf6c39) Importer(815301076,1909f56bfc062723c751e8b465ee728b)  -> (artifact id: '9972e90e41d7213f85731700f26dcbe7') in 0.094015 seconds 
========================================================================
Received Import Request.
  Time since last request: 0.000180 seconds.
  path: Assets/Assets/Pixel Adventure 1/Assets/Items/Fruits/Bananas.png
  artifactKey: Guid(b1f24b3bc2e2f1d4b858657ad5c115a0) Importer(815301076,1909f56bfc062723c751e8b465ee728b)
Start importing Assets/Assets/Pixel Adventure 1/Assets/Items/Fruits/Bananas.png using Guid(b1f24b3bc2e2f1d4b858657ad5c115a0) Importer(815301076,1909f56bfc062723c751e8b465ee728b)  -> (artifact id: '119b50559ab2b6d29ecb96eae8e381fe') in 0.091662 seconds 
========================================================================
Received Import Request.
  Time since last request: 0.000178 seconds.
  path: Assets/Assets/Pixel Adventure 1/Assets/Items/Fruits/Strawberry.png
  artifactKey: Guid(a2c110585eb710b408972fbc3b96136d) Importer(815301076,1909f56bfc062723c751e8b465ee728b)
Start importing Assets/Assets/Pixel Adventure 1/Assets/Items/Fruits/Strawberry.png using Guid(a2c110585eb710b408972fbc3b96136d) Importer(815301076,1909f56bfc062723c751e8b465ee728b)  -> (artifact id: '5e0439b6c8de3f6851e0d0a25612b00a') in 0.081311 seconds 
========================================================================
Received Import Request.
  Time since last request: 0.000347 seconds.
  path: Assets/Assets/Pixel Adventure 1/Assets/Items/Fruits/Kiwi.png
  artifactKey: Guid(5100b75572e484e458e4340e2afe9454) Importer(815301076,1909f56bfc062723c751e8b465ee728b)
Start importing Assets/Assets/Pixel Adventure 1/Assets/Items/Fruits/Kiwi.png using Guid(5100b75572e484e458e4340e2afe9454) Importer(815301076,1909f56bfc062723c751e8b465ee728b)  -> (artifact id: 'c62562f42c77fd8e941a6b24f7a25b1c') in 0.093460 seconds 
========================================================================
Received Import Request.
  Time since last request: 0.000185 seconds.
  path: Assets/Assets/Pixel Adventure 1/Assets/Items/Fruits/Collected.png
  artifactKey: Guid(be1a5bd13766ec048bab6f4c578baa0f) Importer(815301076,1909f56bfc062723c751e8b465ee728b)
Start importing Assets/Assets/Pixel Adventure 1/Assets/Items/Fruits/Collected.png using Guid(be1a5bd13766ec048bab6f4c578baa0f) Importer(815301076,1909f56bfc062723c751e8b465ee728b)  -> (artifact id: 'e73673970c102df8bd673dae0587da81') in 0.047314 seconds 
========================================================================
Received Import Request.
  Time since last request: 0.000325 seconds.
  path: Assets/Assets/Pixel Adventure 1/Assets/Items/Fruits/Pineapple.png
  artifactKey: Guid(131e485692e27e84c86170dad18cda85) Importer(815301076,1909f56bfc062723c751e8b465ee728b)
Start importing Assets/Assets/Pixel Adventure 1/Assets/Items/Fruits/Pineapple.png using Guid(131e485692e27e84c86170dad18cda85) Importer(815301076,1909f56bfc062723c751e8b465ee728b)  -> (artifact id: '7acb6a579c3df05ed6840eb135c0548b') in 0.080688 seconds 
========================================================================
Received Import Request.
  Time since last request: 0.000192 seconds.
  path: Assets/Assets/Pixel Adventure 1/Assets/Items/Fruits/Cherries.png
  artifactKey: Guid(3d6be91968cb95546ac95aeff5e52f84) Importer(815301076,1909f56bfc062723c751e8b465ee728b)
Start importing Assets/Assets/Pixel Adventure 1/Assets/Items/Fruits/Cherries.png using Guid(3d6be91968cb95546ac95aeff5e52f84) Importer(815301076,1909f56bfc062723c751e8b465ee728b)  -> (artifact id: 'b369d01b8c51dd5534977ef8729e978a') in 0.077677 seconds 
========================================================================
Received Import Request.
  Time since last request: 0.000225 seconds.
  path: Assets/Assets/Pixel Adventure 1/Assets/Items/Fruits/Orange.png
  artifactKey: Guid(ffc9f271fad56c243a45f100b9dc6778) Importer(815301076,1909f56bfc062723c751e8b465ee728b)
Start importing Assets/Assets/Pixel Adventure 1/Assets/Items/Fruits/Orange.png using Guid(ffc9f271fad56c243a45f100b9dc6778) Importer(815301076,1909f56bfc062723c751e8b465ee728b)  -> (artifact id: 'd69b6b3cc71eaf3b4320a56e1b473eeb') in 0.073293 seconds 
========================================================================
Received Import Request.
  Time since last request: 4.108102 seconds.
  path: Assets/Assets/Pixel Adventure 1/Assets/Items/Checkpoints/Checkpoint
  artifactKey: Guid(d0194b0f37632844cbe5f12a0c2f7107) Importer(815301076,1909f56bfc062723c751e8b465ee728b)
Start importing Assets/Assets/Pixel Adventure 1/Assets/Items/Checkpoints/Checkpoint using Guid(d0194b0f37632844cbe5f12a0c2f7107) Importer(815301076,1909f56bfc062723c751e8b465ee728b)  -> (artifact id: '70dbc5a35c2682d6264bc0ce640fd766') in 0.019621 seconds 
========================================================================
Received Import Request.
  Time since last request: 0.046217 seconds.
  path: Assets/Assets/Pixel Adventure 1/Assets/Items/Checkpoints/Checkpoint/Checkpoint (Flag Idle)(64x64).png
  artifactKey: Guid(27a107940057e8743a507269b18a691a) Importer(815301076,1909f56bfc062723c751e8b465ee728b)
Start importing Assets/Assets/Pixel Adventure 1/Assets/Items/Checkpoints/Checkpoint/Checkpoint (Flag Idle)(64x64).png using Guid(27a107940057e8743a507269b18a691a) Importer(815301076,1909f56bfc062723c751e8b465ee728b)  -> (artifact id: '5d57801276e51f0187e6ad9d730b4f43') in 0.049239 seconds 
========================================================================
Received Import Request.
  Time since last request: 0.000188 seconds.
  path: Assets/Assets/Pixel Adventure 1/Assets/Items/Checkpoints/Checkpoint/Checkpoint (Flag Out) (64x64).png
  artifactKey: Guid(32726eef68207514bbede9c6509379b5) Importer(815301076,1909f56bfc062723c751e8b465ee728b)
Start importing Assets/Assets/Pixel Adventure 1/Assets/Items/Checkpoints/Checkpoint/Checkpoint (Flag Out) (64x64).png using Guid(32726eef68207514bbede9c6509379b5) Importer(815301076,1909f56bfc062723c751e8b465ee728b)  -> (artifact id: 'a23a4bc72bf56bfa4833a2adb14497a3') in 0.097308 seconds 
========================================================================
Received Import Request.
  Time since last request: 0.000160 seconds.
  path: Assets/Assets/Pixel Adventure 1/Assets/Items/Checkpoints/Checkpoint/Checkpoint (No Flag).png
  artifactKey: Guid(68f54e5fc0fa326458d3e18bdccce704) Importer(815301076,1909f56bfc062723c751e8b465ee728b)
Start importing Assets/Assets/Pixel Adventure 1/Assets/Items/Checkpoints/Checkpoint/Checkpoint (No Flag).png using Guid(68f54e5fc0fa326458d3e18bdccce704) Importer(815301076,1909f56bfc062723c751e8b465ee728b)  -> (artifact id: '79ba9f7dfb6fb8c95926aeb9a8982edf') in 0.046647 seconds 
========================================================================
Received Prepare
Registering precompiled user dll's ...
Registered in 0.005385 seconds.
Begin MonoManager ReloadAssembly
Native extension for WindowsStandalone target not found
Refreshing native plugins compatible for Editor in 0.93 ms, found 2 plugins.
Preloading 0 native plugins for Editor in 0.00 ms.
Mono: successfully reloaded assembly
- Completed reload, in  1.304 seconds
Platform modules already initialized, skipping
Refreshing native plugins compatible for Editor in 0.62 ms, found 2 plugins.
Preloading 0 native plugins for Editor in 0.00 ms.
Unloading 3380 Unused Serialized files (Serialized files now loaded: 0)
System memory in use before: 145.1 MB.
System memory in use after: 145.2 MB.

Unloading 17 unused Assets to reduce memory usage. Loaded Objects now: 4215.
Total: 4.395300 ms (FindLiveObjects: 0.496800 ms CreateObjectMapping: 0.291700 ms MarkObjects: 3.395700 ms  DeleteObjects: 0.209300 ms)

========================================================================
Received Import Request.
  Time since last request: 63.756278 seconds.
  path: Assets/Assets/Pixel Adventure 1/Scenes
  artifactKey: Guid(dbc7f956d9ee8744ba00759404b21d27) Importer(815301076,1909f56bfc062723c751e8b465ee728b)
Start importing Assets/Assets/Pixel Adventure 1/Scenes using Guid(dbc7f956d9ee8744ba00759404b21d27) Importer(815301076,1909f56bfc062723c751e8b465ee728b)  -> (artifact id: 'c8002e48183bb71c9dee33fa5074a6ed') in 0.026189 seconds 
========================================================================
Received Import Request.
  Time since last request: 4.920246 seconds.
  path: Assets/Scenes/Retry.unity
  artifactKey: Guid(ce8288bdeae3dad42aabf34c8d116ba5) Importer(815301076,1909f56bfc062723c751e8b465ee728b)
Start importing Assets/Scenes/Retry.unity using Guid(ce8288bdeae3dad42aabf34c8d116ba5) Importer(815301076,1909f56bfc062723c751e8b465ee728b)  -> (artifact id: '913fb288b70d5e909bc86e22c9f99e8a') in 0.035721 seconds 
========================================================================
Received Prepare
Registering precompiled user dll's ...
Registered in 0.008449 seconds.
Begin MonoManager ReloadAssembly
Native extension for WindowsStandalone target not found
Refreshing native plugins compatible for Editor in 2.13 ms, found 2 plugins.
Preloading 0 native plugins for Editor in 0.00 ms.
Mono: successfully reloaded assembly
- Completed reload, in  1.567 seconds
Platform modules already initialized, skipping
Refreshing native plugins compatible for Editor in 0.68 ms, found 2 plugins.
Preloading 0 native plugins for Editor in 0.00 ms.
Unloading 3368 Unused Serialized files (Serialized files now loaded: 0)
System memory in use before: 144.7 MB.
System memory in use after: 144.8 MB.

Unloading 17 unused Assets to reduce memory usage. Loaded Objects now: 4219.
Total: 5.195100 ms (FindLiveObjects: 0.757900 ms CreateObjectMapping: 0.460400 ms MarkObjects: 3.814100 ms  DeleteObjects: 0.161500 ms)

========================================================================
Received Prepare
Registering precompiled user dll's ...
Registered in 0.003161 seconds.
Begin MonoManager ReloadAssembly
Native extension for WindowsStandalone target not found
Refreshing native plugins compatible for Editor in 4.95 ms, found 2 plugins.
Preloading 0 native plugins for Editor in 0.00 ms.
Mono: successfully reloaded assembly
- Completed reload, in  1.348 seconds
Platform modules already initialized, skipping
Refreshing native plugins compatible for Editor in 0.61 ms, found 2 plugins.
Preloading 0 native plugins for Editor in 0.00 ms.
Unloading 3368 Unused Serialized files (Serialized files now loaded: 0)
System memory in use before: 144.7 MB.
System memory in use after: 144.8 MB.

Unloading 17 unused Assets to reduce memory usage. Loaded Objects now: 4223.
Total: 3.209400 ms (FindLiveObjects: 0.545000 ms CreateObjectMapping: 0.251200 ms MarkObjects: 2.316300 ms  DeleteObjects: 0.095000 ms)

========================================================================
Received Import Request.
  Time since last request: 1140.871592 seconds.
  path: Assets/Scripts/BoardManager.cs
  artifactKey: Guid(3123322fd55e24c48a8298fbd6836f8c) Importer(815301076,1909f56bfc062723c751e8b465ee728b)
Start importing Assets/Scripts/BoardManager.cs using Guid(3123322fd55e24c48a8298fbd6836f8c) Importer(815301076,1909f56bfc062723c751e8b465ee728b)  -> (artifact id: '36a3320efbc453ae1384acae8a2b2360') in 0.024398 seconds 
========================================================================
Received Prepare
Registering precompiled user dll's ...
Registered in 0.002894 seconds.
Begin MonoManager ReloadAssembly
Native extension for WindowsStandalone target not found
Refreshing native plugins compatible for Editor in 0.74 ms, found 2 plugins.
Preloading 0 native plugins for Editor in 0.00 ms.
Mono: successfully reloaded assembly
- Completed reload, in  1.114 seconds
Platform modules already initialized, skipping
Refreshing native plugins compatible for Editor in 0.61 ms, found 2 plugins.
Preloading 0 native plugins for Editor in 0.00 ms.
Unloading 3368 Unused Serialized files (Serialized files now loaded: 0)
System memory in use before: 144.7 MB.
System memory in use after: 144.8 MB.

Unloading 17 unused Assets to reduce memory usage. Loaded Objects now: 4227.
Total: 4.812500 ms (FindLiveObjects: 0.598100 ms CreateObjectMapping: 0.361800 ms MarkObjects: 3.689400 ms  DeleteObjects: 0.161400 ms)

========================================================================
Received Import Request.
  Time since last request: 41.547666 seconds.
  path: Assets/Scripts/Retry.cs
  artifactKey: Guid(915a9c080b87fc64f9c4c1dd1372144b) Importer(815301076,1909f56bfc062723c751e8b465ee728b)
Start importing Assets/Scripts/Retry.cs using Guid(915a9c080b87fc64f9c4c1dd1372144b) Importer(815301076,1909f56bfc062723c751e8b465ee728b)  -> (artifact id: 'fc0c38046f1a37533cb2723115532447') in 0.009553 seconds 
========================================================================
Received Prepare
Registering precompiled user dll's ...
Registered in 0.002985 seconds.
Begin MonoManager ReloadAssembly
Native extension for WindowsStandalone target not found
Refreshing native plugins compatible for Editor in 1.08 ms, found 2 plugins.
Preloading 0 native plugins for Editor in 0.00 ms.
Mono: successfully reloaded assembly
- Completed reload, in  1.052 seconds
Platform modules already initialized, skipping
Refreshing native plugins compatible for Editor in 0.67 ms, found 2 plugins.
Preloading 0 native plugins for Editor in 0.00 ms.
Unloading 3368 Unused Serialized files (Serialized files now loaded: 0)
System memory in use before: 144.7 MB.
System memory in use after: 144.8 MB.

Unloading 17 unused Assets to reduce memory usage. Loaded Objects now: 4231.
Total: 6.737100 ms (FindLiveObjects: 3.362700 ms CreateObjectMapping: 0.653200 ms MarkObjects: 2.624800 ms  DeleteObjects: 0.086300 ms)

========================================================================
Received Import Request.
  Time since last request: 31.004630 seconds.
  path: Assets/Scripts/PathManager.cs
  artifactKey: Guid(439c62fc63e1d8340ba542cbccd1d2b1) Importer(815301076,1909f56bfc062723c751e8b465ee728b)
Start importing Assets/Scripts/PathManager.cs using Guid(439c62fc63e1d8340ba542cbccd1d2b1) Importer(815301076,1909f56bfc062723c751e8b465ee728b)  -> (artifact id: '90151ed3b0885b94b1cdbccaf5e1596f') in 0.009188 seconds 
========================================================================
Received Prepare
Registering precompiled user dll's ...
Registered in 0.002891 seconds.
Begin MonoManager ReloadAssembly
Native extension for WindowsStandalone target not found
Refreshing native plugins compatible for Editor in 0.59 ms, found 2 plugins.
Preloading 0 native plugins for Editor in 0.00 ms.
Mono: successfully reloaded assembly
- Completed reload, in  0.983 seconds
Platform modules already initialized, skipping
Refreshing native plugins compatible for Editor in 0.70 ms, found 2 plugins.
Preloading 0 native plugins for Editor in 0.00 ms.
Unloading 3368 Unused Serialized files (Serialized files now loaded: 0)
System memory in use before: 144.7 MB.
System memory in use after: 144.8 MB.

Unloading 17 unused Assets to reduce memory usage. Loaded Objects now: 4235.
Total: 2.824100 ms (FindLiveObjects: 0.446200 ms CreateObjectMapping: 0.242700 ms MarkObjects: 2.030800 ms  DeleteObjects: 0.103300 ms)

========================================================================
Received Prepare
Registering precompiled user dll's ...
Registered in 0.003008 seconds.
Begin MonoManager ReloadAssembly
Native extension for WindowsStandalone target not found
Refreshing native plugins compatible for Editor in 0.62 ms, found 2 plugins.
Preloading 0 native plugins for Editor in 0.00 ms.
Mono: successfully reloaded assembly
- Completed reload, in  1.066 seconds
Platform modules already initialized, skipping
Refreshing native plugins compatible for Editor in 0.60 ms, found 2 plugins.
Preloading 0 native plugins for Editor in 0.00 ms.
Unloading 3368 Unused Serialized files (Serialized files now loaded: 0)
System memory in use before: 144.7 MB.
System memory in use after: 144.8 MB.

Unloading 17 unused Assets to reduce memory usage. Loaded Objects now: 4239.
Total: 2.722500 ms (FindLiveObjects: 0.349300 ms CreateObjectMapping: 0.213200 ms MarkObjects: 2.062000 ms  DeleteObjects: 0.097000 ms)

========================================================================
Received Import Request.
  Time since last request: 39.588307 seconds.
  path: Assets/Scenes/Goal.unity
  artifactKey: Guid(7bb79e6270a21744c8b7d33d3a4b7297) Importer(815301076,1909f56bfc062723c751e8b465ee728b)
Start importing Assets/Scenes/Goal.unity using Guid(7bb79e6270a21744c8b7d33d3a4b7297) Importer(815301076,1909f56bfc062723c751e8b465ee728b)  -> (artifact id: '22334100287844cad34ea7484690d040') in 0.014498 seconds 
========================================================================
Received Prepare
Registering precompiled user dll's ...
Registered in 0.003821 seconds.
Begin MonoManager ReloadAssembly
Native extension for WindowsStandalone target not found
Refreshing native plugins compatible for Editor in 0.65 ms, found 2 plugins.
Preloading 0 native plugins for Editor in 0.00 ms.
Mono: successfully reloaded assembly
- Completed reload, in  1.141 seconds
Platform modules already initialized, skipping
Refreshing native plugins compatible for Editor in 0.65 ms, found 2 plugins.
Preloading 0 native plugins for Editor in 0.00 ms.
Unloading 3368 Unused Serialized files (Serialized files now loaded: 0)
System memory in use before: 144.7 MB.
System memory in use after: 144.9 MB.

Unloading 17 unused Assets to reduce memory usage. Loaded Objects now: 4243.
Total: 12.301400 ms (FindLiveObjects: 2.266000 ms CreateObjectMapping: 1.935600 ms MarkObjects: 7.903300 ms  DeleteObjects: 0.191600 ms)

========================================================================
Received Import Request.
  Time since last request: 169.520648 seconds.
  path: Assets/Prefabs/Pstay.prefab
  artifactKey: Guid(cecbdca2065393b4ea4c995dedff8c07) Importer(815301076,1909f56bfc062723c751e8b465ee728b)
Start importing Assets/Prefabs/Pstay.prefab using Guid(cecbdca2065393b4ea4c995dedff8c07) Importer(815301076,1909f56bfc062723c751e8b465ee728b)  -> (artifact id: '56f0abbafda2e6d971f93862fad0d8c9') in 0.088550 seconds 
========================================================================
Received Import Request.
  Time since last request: 17.055757 seconds.
  path: Assets/Prefabs/Goal.prefab
  artifactKey: Guid(e093fc0ffaa52fa4899111add5035d1e) Importer(815301076,1909f56bfc062723c751e8b465ee728b)
Start importing Assets/Prefabs/Goal.prefab using Guid(e093fc0ffaa52fa4899111add5035d1e) Importer(815301076,1909f56bfc062723c751e8b465ee728b)  -> (artifact id: 'ae54ce194299999d0601a19adfeeb43e') in 0.012433 seconds 
========================================================================
Received Import Request.
  Time since last request: 8.683500 seconds.
  path: Assets/Prefabs/Goal.prefab
  artifactKey: Guid(e093fc0ffaa52fa4899111add5035d1e) Importer(815301076,1909f56bfc062723c751e8b465ee728b)
Start importing Assets/Prefabs/Goal.prefab using Guid(e093fc0ffaa52fa4899111add5035d1e) Importer(815301076,1909f56bfc062723c751e8b465ee728b)  -> (artifact id: '01c45f4e330e2541669243f21be9a21c') in 0.010392 seconds 
========================================================================
Received Prepare
Registering precompiled user dll's ...
Registered in 0.002888 seconds.
Begin MonoManager ReloadAssembly
Native extension for WindowsStandalone target not found
Refreshing native plugins compatible for Editor in 0.63 ms, found 2 plugins.
Preloading 0 native plugins for Editor in 0.00 ms.
Mono: successfully reloaded assembly
- Completed reload, in  0.874 seconds
Platform modules already initialized, skipping
Refreshing native plugins compatible for Editor in 0.64 ms, found 2 plugins.
Preloading 0 native plugins for Editor in 0.00 ms.
Unloading 3368 Unused Serialized files (Serialized files now loaded: 0)
System memory in use before: 144.8 MB.
System memory in use after: 144.9 MB.

Unloading 17 unused Assets to reduce memory usage. Loaded Objects now: 4248.
Total: 2.570200 ms (FindLiveObjects: 0.336100 ms CreateObjectMapping: 0.206400 ms MarkObjects: 1.945400 ms  DeleteObjects: 0.081600 ms)

========================================================================
Received Import Request.
  Time since last request: 51.515622 seconds.
  path: Assets/Prefabs/Goal.prefab
  artifactKey: Guid(e093fc0ffaa52fa4899111add5035d1e) Importer(815301076,1909f56bfc062723c751e8b465ee728b)
Start importing Assets/Prefabs/Goal.prefab using Guid(e093fc0ffaa52fa4899111add5035d1e) Importer(815301076,1909f56bfc062723c751e8b465ee728b)  -> (artifact id: '5abc62fe66ac0c3408c90ea28e4076ce') in 0.075531 seconds 
========================================================================
Received Prepare
Registering precompiled user dll's ...
Registered in 0.003093 seconds.
Begin MonoManager ReloadAssembly
Native extension for WindowsStandalone target not found
Refreshing native plugins compatible for Editor in 0.61 ms, found 2 plugins.
Preloading 0 native plugins for Editor in 0.00 ms.
Mono: successfully reloaded assembly
- Completed reload, in  0.920 seconds
Platform modules already initialized, skipping
Refreshing native plugins compatible for Editor in 0.67 ms, found 2 plugins.
Preloading 0 native plugins for Editor in 0.00 ms.
Unloading 3368 Unused Serialized files (Serialized files now loaded: 0)
System memory in use before: 144.8 MB.
System memory in use after: 144.9 MB.

Unloading 17 unused Assets to reduce memory usage. Loaded Objects now: 4253.
Total: 3.143500 ms (FindLiveObjects: 0.575900 ms CreateObjectMapping: 0.343200 ms MarkObjects: 2.125900 ms  DeleteObjects: 0.096500 ms)

========================================================================
Received Prepare
Registering precompiled user dll's ...
Registered in 0.029654 seconds.
Begin MonoManager ReloadAssembly
Native extension for WindowsStandalone target not found
Refreshing native plugins compatible for Editor in 0.59 ms, found 2 plugins.
Preloading 0 native plugins for Editor in 0.00 ms.
Mono: successfully reloaded assembly
- Completed reload, in  1.117 seconds
Platform modules already initialized, skipping
Refreshing native plugins compatible for Editor in 0.67 ms, found 2 plugins.
Preloading 0 native plugins for Editor in 0.00 ms.
Unloading 3368 Unused Serialized files (Serialized files now loaded: 0)
System memory in use before: 144.8 MB.
System memory in use after: 144.9 MB.

Unloading 17 unused Assets to reduce memory usage. Loaded Objects now: 4257.
Total: 2.719900 ms (FindLiveObjects: 0.505300 ms CreateObjectMapping: 0.243100 ms MarkObjects: 1.884200 ms  DeleteObjects: 0.085700 ms)

========================================================================
Received Import Request.
  Time since last request: 9.036885 seconds.
  path: Assets/Prefabs/Goal.prefab
  artifactKey: Guid(e093fc0ffaa52fa4899111add5035d1e) Importer(815301076,1909f56bfc062723c751e8b465ee728b)
Start importing Assets/Prefabs/Goal.prefab using Guid(e093fc0ffaa52fa4899111add5035d1e) Importer(815301076,1909f56bfc062723c751e8b465ee728b)  -> (artifact id: 'b6e0b45187fa7c5d0616b75f030351b0') in 0.049043 seconds 
========================================================================
Received Import Request.
  Time since last request: 1.982221 seconds.
  path: Assets/Prefabs/Goal.prefab
  artifactKey: Guid(e093fc0ffaa52fa4899111add5035d1e) Importer(815301076,1909f56bfc062723c751e8b465ee728b)
Start importing Assets/Prefabs/Goal.prefab using Guid(e093fc0ffaa52fa4899111add5035d1e) Importer(815301076,1909f56bfc062723c751e8b465ee728b)  -> (artifact id: '4a6abd91126d428d126c678867f25a66') in 0.020168 seconds 
========================================================================
Received Import Request.
  Time since last request: 2.166577 seconds.
  path: Assets/Prefabs/Goal.prefab
  artifactKey: Guid(e093fc0ffaa52fa4899111add5035d1e) Importer(815301076,1909f56bfc062723c751e8b465ee728b)
Start importing Assets/Prefabs/Goal.prefab using Guid(e093fc0ffaa52fa4899111add5035d1e) Importer(815301076,1909f56bfc062723c751e8b465ee728b)  -> (artifact id: 'bb5cdfa649f65f2dab7c5578076a7abe') in 0.032317 seconds 
========================================================================
Received Prepare
Registering precompiled user dll's ...
Registered in 0.007040 seconds.
Begin MonoManager ReloadAssembly
Native extension for WindowsStandalone target not found
Refreshing native plugins compatible for Editor in 0.92 ms, found 2 plugins.
Preloading 0 native plugins for Editor in 0.00 ms.
Mono: successfully reloaded assembly
- Completed reload, in  0.966 seconds
Platform modules already initialized, skipping
Refreshing native plugins compatible for Editor in 0.74 ms, found 2 plugins.
Preloading 0 native plugins for Editor in 0.00 ms.
Unloading 3368 Unused Serialized files (Serialized files now loaded: 0)
System memory in use before: 144.8 MB.
System memory in use after: 144.9 MB.

Unloading 17 unused Assets to reduce memory usage. Loaded Objects now: 4262.
Total: 5.403600 ms (FindLiveObjects: 0.978500 ms CreateObjectMapping: 0.592300 ms MarkObjects: 3.735900 ms  DeleteObjects: 0.092800 ms)

========================================================================
Received Import Request.
  Time since last request: 20.425619 seconds.
  path: Assets/Prefabs/Off.prefab
  artifactKey: Guid(225c423a0d4228041ad23eaa22796d31) Importer(815301076,1909f56bfc062723c751e8b465ee728b)
Start importing Assets/Prefabs/Off.prefab using Guid(225c423a0d4228041ad23eaa22796d31) Importer(815301076,1909f56bfc062723c751e8b465ee728b)  -> (artifact id: '0e7f7c77249ce37d36ea74f2311051f1') in 0.066341 seconds 
========================================================================
Received Import Request.
  Time since last request: 10.850568 seconds.
  path: ProjectSettings/TagManager.asset
  artifactKey: Guid(00000000000000003000000000000000) Importer(815301076,1909f56bfc062723c751e8b465ee728b)
Start importing ProjectSettings/TagManager.asset using Guid(00000000000000003000000000000000) Importer(815301076,1909f56bfc062723c751e8b465ee728b)  -> (artifact id: '89ffcf6b9be07ff612597529397da998') in 0.015520 seconds 
========================================================================
Received Prepare
Registering precompiled user dll's ...
Registered in 0.004963 seconds.
Begin MonoManager ReloadAssembly
Native extension for WindowsStandalone target not found
Refreshing native plugins compatible for Editor in 0.74 ms, found 2 plugins.
Preloading 0 native plugins for Editor in 0.00 ms.
Mono: successfully reloaded assembly
- Completed reload, in  0.944 seconds
Platform modules already initialized, skipping
Refreshing native plugins compatible for Editor in 0.59 ms, found 2 plugins.
Preloading 0 native plugins for Editor in 0.00 ms.
Unloading 3368 Unused Serialized files (Serialized files now loaded: 0)
System memory in use before: 144.9 MB.
System memory in use after: 145.0 MB.

Unloading 18 unused Assets to reduce memory usage. Loaded Objects now: 4267.
Total: 2.629000 ms (FindLiveObjects: 0.308600 ms CreateObjectMapping: 0.186500 ms MarkObjects: 2.044200 ms  DeleteObjects: 0.089000 ms)

========================================================================
Received Import Request.
  Time since last request: 72.190763 seconds.
  path: Assets/Scenes/Retry.unity
  artifactKey: Guid(ce8288bdeae3dad42aabf34c8d116ba5) Importer(815301076,1909f56bfc062723c751e8b465ee728b)
Start importing Assets/Scenes/Retry.unity using Guid(ce8288bdeae3dad42aabf34c8d116ba5) Importer(815301076,1909f56bfc062723c751e8b465ee728b)  -> (artifact id: '277e215881f87b5b24014e5ff4612848') in 0.034574 seconds 
========================================================================
Received Import Request.
  Time since last request: 40.657713 seconds.
  path: Assets/Scenes/SampleScene.unity
  artifactKey: Guid(2cda990e2423bbf4892e6590ba056729) Importer(815301076,1909f56bfc062723c751e8b465ee728b)
Start importing Assets/Scenes/SampleScene.unity using Guid(2cda990e2423bbf4892e6590ba056729) Importer(815301076,1909f56bfc062723c751e8b465ee728b)  -> (artifact id: '386bfd493cc4e85a5ded3cdab64c5b28') in 0.019762 seconds 
========================================================================
Received Prepare
Registering precompiled user dll's ...
Registered in 0.003107 seconds.
Begin MonoManager ReloadAssembly
Native extension for WindowsStandalone target not found
Refreshing native plugins compatible for Editor in 0.59 ms, found 2 plugins.
Preloading 0 native plugins for Editor in 0.00 ms.
Mono: successfully reloaded assembly
- Completed reload, in  0.981 seconds
Platform modules already initialized, skipping
Refreshing native plugins compatible for Editor in 0.63 ms, found 2 plugins.
Preloading 0 native plugins for Editor in 0.00 ms.
Unloading 3368 Unused Serialized files (Serialized files now loaded: 0)
System memory in use before: 145.0 MB.
System memory in use after: 145.2 MB.

Unloading 17 unused Assets to reduce memory usage. Loaded Objects now: 4271.
Total: 3.503100 ms (FindLiveObjects: 0.689300 ms CreateObjectMapping: 0.298100 ms MarkObjects: 2.422300 ms  DeleteObjects: 0.090900 ms)

========================================================================
Received Prepare
Registering precompiled user dll's ...
Registered in 0.007840 seconds.
Begin MonoManager ReloadAssembly
Native extension for WindowsStandalone target not found
Refreshing native plugins compatible for Editor in 0.94 ms, found 2 plugins.
Preloading 0 native plugins for Editor in 0.00 ms.
Mono: successfully reloaded assembly
- Completed reload, in  1.255 seconds
Platform modules already initialized, skipping
Refreshing native plugins compatible for Editor in 0.60 ms, found 2 plugins.
Preloading 0 native plugins for Editor in 0.00 ms.
Unloading 3368 Unused Serialized files (Serialized files now loaded: 0)
System memory in use before: 145.1 MB.
System memory in use after: 145.2 MB.

Unloading 17 unused Assets to reduce memory usage. Loaded Objects now: 4275.
Total: 2.339800 ms (FindLiveObjects: 0.313700 ms CreateObjectMapping: 0.179400 ms MarkObjects: 1.724300 ms  DeleteObjects: 0.121500 ms)

========================================================================
Received Prepare
Registering precompiled user dll's ...
Registered in 0.003138 seconds.
Begin MonoManager ReloadAssembly
Native extension for WindowsStandalone target not found
Refreshing native plugins compatible for Editor in 0.65 ms, found 2 plugins.
Preloading 0 native plugins for Editor in 0.00 ms.
Mono: successfully reloaded assembly
- Completed reload, in  1.110 seconds
Platform modules already initialized, skipping
Refreshing native plugins compatible for Editor in 0.61 ms, found 2 plugins.
Preloading 0 native plugins for Editor in 0.00 ms.
Unloading 3368 Unused Serialized files (Serialized files now loaded: 0)
System memory in use before: 145.1 MB.
System memory in use after: 145.2 MB.

Unloading 17 unused Assets to reduce memory usage. Loaded Objects now: 4279.
Total: 2.417700 ms (FindLiveObjects: 0.339100 ms CreateObjectMapping: 0.205400 ms MarkObjects: 1.792600 ms  DeleteObjects: 0.079800 ms)

========================================================================
Received Prepare
Registering precompiled user dll's ...
Registered in 0.002952 seconds.
Begin MonoManager ReloadAssembly
Native extension for WindowsStandalone target not found
Refreshing native plugins compatible for Editor in 0.99 ms, found 2 plugins.
Preloading 0 native plugins for Editor in 0.00 ms.
Mono: successfully reloaded assembly
- Completed reload, in  0.960 seconds
Platform modules already initialized, skipping
Refreshing native plugins compatible for Editor in 0.60 ms, found 2 plugins.
Preloading 0 native plugins for Editor in 0.00 ms.
Unloading 3368 Unused Serialized files (Serialized files now loaded: 0)
System memory in use before: 145.1 MB.
System memory in use after: 145.2 MB.

Unloading 17 unused Assets to reduce memory usage. Loaded Objects now: 4283.
Total: 3.903300 ms (FindLiveObjects: 0.441100 ms CreateObjectMapping: 0.212700 ms MarkObjects: 3.028900 ms  DeleteObjects: 0.218700 ms)

========================================================================
Received Import Request.
  Time since last request: 427.223165 seconds.
  path: Assets/Prefabs/Goal 1.prefab
  artifactKey: Guid(760d5fe1b78f2364291c531a5c7c3f2c) Importer(815301076,1909f56bfc062723c751e8b465ee728b)
Start importing Assets/Prefabs/Goal 1.prefab using Guid(760d5fe1b78f2364291c531a5c7c3f2c) Importer(815301076,1909f56bfc062723c751e8b465ee728b)  -> (artifact id: '32691c0d140652a4cdae0902693bbefd') in 0.104168 seconds 
========================================================================
Received Prepare
Registering precompiled user dll's ...
Registered in 0.002901 seconds.
Begin MonoManager ReloadAssembly
Native extension for WindowsStandalone target not found
Refreshing native plugins compatible for Editor in 0.89 ms, found 2 plugins.
Preloading 0 native plugins for Editor in 0.00 ms.
Mono: successfully reloaded assembly
- Completed reload, in  0.974 seconds
Platform modules already initialized, skipping
Refreshing native plugins compatible for Editor in 1.59 ms, found 2 plugins.
Preloading 0 native plugins for Editor in 0.00 ms.
Unloading 3368 Unused Serialized files (Serialized files now loaded: 0)
System memory in use before: 145.1 MB.
System memory in use after: 145.2 MB.

Unloading 17 unused Assets to reduce memory usage. Loaded Objects now: 4288.
Total: 2.460400 ms (FindLiveObjects: 0.376700 ms CreateObjectMapping: 0.209500 ms MarkObjects: 1.794000 ms  DeleteObjects: 0.079000 ms)

========================================================================
Received Import Request.
  Time since last request: 42.671908 seconds.
  path: Assets/Prefabs/Goal 1.prefab
  artifactKey: Guid(760d5fe1b78f2364291c531a5c7c3f2c) Importer(815301076,1909f56bfc062723c751e8b465ee728b)
Start importing Assets/Prefabs/Goal 1.prefab using Guid(760d5fe1b78f2364291c531a5c7c3f2c) Importer(815301076,1909f56bfc062723c751e8b465ee728b)  -> (artifact id: 'ccc32f93710caf18569310135e4591c3') in 0.080597 seconds 
========================================================================
Received Prepare
Registering precompiled user dll's ...
Registered in 0.003155 seconds.
Begin MonoManager ReloadAssembly
Native extension for WindowsStandalone target not found
Refreshing native plugins compatible for Editor in 0.60 ms, found 2 plugins.
Preloading 0 native plugins for Editor in 0.00 ms.
Mono: successfully reloaded assembly
- Completed reload, in  0.986 seconds
Platform modules already initialized, skipping
Refreshing native plugins compatible for Editor in 0.62 ms, found 2 plugins.
Preloading 0 native plugins for Editor in 0.00 ms.
Unloading 3368 Unused Serialized files (Serialized files now loaded: 0)
System memory in use before: 145.1 MB.
System memory in use after: 145.2 MB.

Unloading 17 unused Assets to reduce memory usage. Loaded Objects now: 4293.
Total: 2.894300 ms (FindLiveObjects: 0.497300 ms CreateObjectMapping: 0.350100 ms MarkObjects: 1.961500 ms  DeleteObjects: 0.084000 ms)

========================================================================
Received Import Request.
  Time since last request: 21.234913 seconds.
  path: Assets/Prefabs/Goal 1.prefab
  artifactKey: Guid(760d5fe1b78f2364291c531a5c7c3f2c) Importer(815301076,1909f56bfc062723c751e8b465ee728b)
Start importing Assets/Prefabs/Goal 1.prefab using Guid(760d5fe1b78f2364291c531a5c7c3f2c) Importer(815301076,1909f56bfc062723c751e8b465ee728b)  -> (artifact id: 'feca091ef0e1718703081c930c4bbe43') in 0.061637 seconds 
========================================================================
Received Prepare
Registering precompiled user dll's ...
Registered in 0.002899 seconds.
Begin MonoManager ReloadAssembly
Native extension for WindowsStandalone target not found
Refreshing native plugins compatible for Editor in 0.65 ms, found 2 plugins.
Preloading 0 native plugins for Editor in 0.00 ms.
Mono: successfully reloaded assembly
- Completed reload, in  1.492 seconds
Platform modules already initialized, skipping
Refreshing native plugins compatible for Editor in 0.61 ms, found 2 plugins.
Preloading 0 native plugins for Editor in 0.00 ms.
Unloading 3368 Unused Serialized files (Serialized files now loaded: 0)
System memory in use before: 145.1 MB.
System memory in use after: 145.2 MB.

Unloading 17 unused Assets to reduce memory usage. Loaded Objects now: 4298.
Total: 2.375100 ms (FindLiveObjects: 0.301400 ms CreateObjectMapping: 0.181900 ms MarkObjects: 1.812500 ms  DeleteObjects: 0.078500 ms)

========================================================================
Received Prepare
Registering precompiled user dll's ...
Registered in 0.009852 seconds.
Begin MonoManager ReloadAssembly
Native extension for WindowsStandalone target not found
Refreshing native plugins compatible for Editor in 0.63 ms, found 2 plugins.
Preloading 0 native plugins for Editor in 0.00 ms.
Mono: successfully reloaded assembly
- Completed reload, in  1.015 seconds
Platform modules already initialized, skipping
Refreshing native plugins compatible for Editor in 0.62 ms, found 2 plugins.
Preloading 0 native plugins for Editor in 0.00 ms.
Unloading 3368 Unused Serialized files (Serialized files now loaded: 0)
System memory in use before: 145.1 MB.
System memory in use after: 145.2 MB.

Unloading 17 unused Assets to reduce memory usage. Loaded Objects now: 4302.
Total: 2.891600 ms (FindLiveObjects: 0.483500 ms CreateObjectMapping: 0.298900 ms MarkObjects: 2.012800 ms  DeleteObjects: 0.095400 ms)

========================================================================
Received Prepare
Registering precompiled user dll's ...
Registered in 0.004734 seconds.
Begin MonoManager ReloadAssembly
Native extension for WindowsStandalone target not found
Refreshing native plugins compatible for Editor in 0.63 ms, found 2 plugins.
Preloading 0 native plugins for Editor in 0.00 ms.
Mono: successfully reloaded assembly
- Completed reload, in  0.962 seconds
Platform modules already initialized, skipping
Refreshing native plugins compatible for Editor in 0.60 ms, found 2 plugins.
Preloading 0 native plugins for Editor in 0.00 ms.
Unloading 3368 Unused Serialized files (Serialized files now loaded: 0)
System memory in use before: 145.1 MB.
System memory in use after: 145.3 MB.

Unloading 17 unused Assets to reduce memory usage. Loaded Objects now: 4306.
Total: 3.715100 ms (FindLiveObjects: 1.028400 ms CreateObjectMapping: 0.257100 ms MarkObjects: 2.332800 ms  DeleteObjects: 0.093800 ms)

========================================================================
Received Prepare
Registering precompiled user dll's ...
Registered in 0.004247 seconds.
Begin MonoManager ReloadAssembly
Native extension for WindowsStandalone target not found
Refreshing native plugins compatible for Editor in 0.80 ms, found 2 plugins.
Preloading 0 native plugins for Editor in 0.00 ms.
Mono: successfully reloaded assembly
- Completed reload, in  1.057 seconds
Platform modules already initialized, skipping
Refreshing native plugins compatible for Editor in 1.17 ms, found 2 plugins.
Preloading 0 native plugins for Editor in 0.00 ms.
Unloading 3368 Unused Serialized files (Serialized files now loaded: 0)
System memory in use before: 145.1 MB.
System memory in use after: 145.3 MB.

Unloading 17 unused Assets to reduce memory usage. Loaded Objects now: 4310.
Total: 2.376400 ms (FindLiveObjects: 0.365900 ms CreateObjectMapping: 0.178600 ms MarkObjects: 1.745300 ms  DeleteObjects: 0.085600 ms)

========================================================================
Received Prepare
Registering precompiled user dll's ...
Registered in 0.004070 seconds.
Begin MonoManager ReloadAssembly
Native extension for WindowsStandalone target not found
Refreshing native plugins compatible for Editor in 0.63 ms, found 2 plugins.
Preloading 0 native plugins for Editor in 0.00 ms.
Mono: successfully reloaded assembly
- Completed reload, in  0.994 seconds
Platform modules already initialized, skipping
Refreshing native plugins compatible for Editor in 1.60 ms, found 2 plugins.
Preloading 0 native plugins for Editor in 0.00 ms.
Unloading 3368 Unused Serialized files (Serialized files now loaded: 0)
System memory in use before: 145.1 MB.
System memory in use after: 145.3 MB.

Unloading 17 unused Assets to reduce memory usage. Loaded Objects now: 4314.
Total: 2.806900 ms (FindLiveObjects: 0.515100 ms CreateObjectMapping: 0.206200 ms MarkObjects: 1.994100 ms  DeleteObjects: 0.090000 ms)

========================================================================
Received Prepare
Registering precompiled user dll's ...
Registered in 0.008131 seconds.
Begin MonoManager ReloadAssembly
Native extension for WindowsStandalone target not found
Refreshing native plugins compatible for Editor in 0.60 ms, found 2 plugins.
Preloading 0 native plugins for Editor in 0.00 ms.
Mono: successfully reloaded assembly
- Completed reload, in  0.977 seconds
Platform modules already initialized, skipping
Refreshing native plugins compatible for Editor in 0.62 ms, found 2 plugins.
Preloading 0 native plugins for Editor in 0.00 ms.
Unloading 3368 Unused Serialized files (Serialized files now loaded: 0)
System memory in use before: 145.2 MB.
System memory in use after: 145.3 MB.

Unloading 17 unused Assets to reduce memory usage. Loaded Objects now: 4318.
Total: 3.486900 ms (FindLiveObjects: 0.741100 ms CreateObjectMapping: 0.244800 ms MarkObjects: 2.339700 ms  DeleteObjects: 0.160400 ms)

========================================================================
Received Import Request.
  Time since last request: 539.661891 seconds.
  path: Assets/Scenes/Menu.unity
  artifactKey: Guid(86667cdaf36305b43a5807d13dea20fb) Importer(815301076,1909f56bfc062723c751e8b465ee728b)
Start importing Assets/Scenes/Menu.unity using Guid(86667cdaf36305b43a5807d13dea20fb) Importer(815301076,1909f56bfc062723c751e8b465ee728b)  -> (artifact id: 'b11360abcd6367def21f93ae1fdd8f7a') in 0.037146 seconds 
========================================================================
Received Import Request.
  Time since last request: 101.637411 seconds.
  path: Assets/Scripts/Start.cs
  artifactKey: Guid(11a748c3455e7eb43aee2a31363ac5b7) Importer(815301076,1909f56bfc062723c751e8b465ee728b)
Start importing Assets/Scripts/Start.cs using Guid(11a748c3455e7eb43aee2a31363ac5b7) Importer(815301076,1909f56bfc062723c751e8b465ee728b)  -> (artifact id: 'edc25994f0c08aaa5bd02d069a3b48b1') in 0.008131 seconds 
========================================================================
Received Import Request.
  Time since last request: 2.465731 seconds.
  path: Assets/Scripts/Goal.cs
  artifactKey: Guid(e5e1fc38ce812e04585cbe9c58fa66d8) Importer(815301076,1909f56bfc062723c751e8b465ee728b)
Start importing Assets/Scripts/Goal.cs using Guid(e5e1fc38ce812e04585cbe9c58fa66d8) Importer(815301076,1909f56bfc062723c751e8b465ee728b)  -> (artifact id: 'a6fc8e7a9c6be4fb6b6bc2deca389392') in 0.003810 seconds 
========================================================================
Received Import Request.
  Time since last request: 43.069018 seconds.
  path: Assets/Scripts/BoardManager.cs
  artifactKey: Guid(3123322fd55e24c48a8298fbd6836f8c) Importer(815301076,1909f56bfc062723c751e8b465ee728b)
Start importing Assets/Scripts/BoardManager.cs using Guid(3123322fd55e24c48a8298fbd6836f8c) Importer(815301076,1909f56bfc062723c751e8b465ee728b)  -> (artifact id: '52052a29988b165d83fdc3f1540f4f66') in 0.003298 seconds 
========================================================================
Received Import Request.
  Time since last request: 31.763847 seconds.
  path: Assets/Scripts/Inicio.cs
  artifactKey: Guid(11a748c3455e7eb43aee2a31363ac5b7) Importer(815301076,1909f56bfc062723c751e8b465ee728b)
Start importing Assets/Scripts/Inicio.cs using Guid(11a748c3455e7eb43aee2a31363ac5b7) Importer(815301076,1909f56bfc062723c751e8b465ee728b)  -> (artifact id: '07f9b2a6a90dbd4cbbc15fa2afadfb9b') in 0.006593 seconds 
========================================================================
Received Prepare
Registering precompiled user dll's ...
Registered in 0.003442 seconds.
Begin MonoManager ReloadAssembly
Native extension for WindowsStandalone target not found
Refreshing native plugins compatible for Editor in 0.63 ms, found 2 plugins.
Preloading 0 native plugins for Editor in 0.00 ms.
Mono: successfully reloaded assembly
- Completed reload, in  1.110 seconds
Platform modules already initialized, skipping
Refreshing native plugins compatible for Editor in 2.70 ms, found 2 plugins.
Preloading 0 native plugins for Editor in 0.00 ms.
Unloading 3369 Unused Serialized files (Serialized files now loaded: 0)
System memory in use before: 145.2 MB.
System memory in use after: 145.3 MB.

Unloading 17 unused Assets to reduce memory usage. Loaded Objects now: 4323.
Total: 7.369800 ms (FindLiveObjects: 0.609500 ms CreateObjectMapping: 0.288800 ms MarkObjects: 6.309000 ms  DeleteObjects: 0.160100 ms)

========================================================================
Received Import Request.
  Time since last request: 30.532110 seconds.
  path: Assets/Scripts/Inicio.cs
  artifactKey: Guid(11a748c3455e7eb43aee2a31363ac5b7) Importer(815301076,1909f56bfc062723c751e8b465ee728b)
Start importing Assets/Scripts/Inicio.cs using Guid(11a748c3455e7eb43aee2a31363ac5b7) Importer(815301076,1909f56bfc062723c751e8b465ee728b)  -> (artifact id: 'da93e88aba869c70bcf8b222da28144f') in 0.008869 seconds 
========================================================================
Received Prepare
Registering precompiled user dll's ...
Registered in 0.003964 seconds.
Begin MonoManager ReloadAssembly
Native extension for WindowsStandalone target not found
Refreshing native plugins compatible for Editor in 0.63 ms, found 2 plugins.
Preloading 0 native plugins for Editor in 0.00 ms.
Mono: successfully reloaded assembly
- Completed reload, in  1.045 seconds
Platform modules already initialized, skipping
Refreshing native plugins compatible for Editor in 1.18 ms, found 2 plugins.
Preloading 0 native plugins for Editor in 0.00 ms.
Unloading 3369 Unused Serialized files (Serialized files now loaded: 0)
System memory in use before: 145.2 MB.
System memory in use after: 145.3 MB.

Unloading 17 unused Assets to reduce memory usage. Loaded Objects now: 4327.
Total: 2.567500 ms (FindLiveObjects: 0.359400 ms CreateObjectMapping: 0.185800 ms MarkObjects: 1.935300 ms  DeleteObjects: 0.085900 ms)

========================================================================
Received Import Request.
  Time since last request: 55.631842 seconds.
  path: Assets/Scripts/Inicio.cs
  artifactKey: Guid(11a748c3455e7eb43aee2a31363ac5b7) Importer(815301076,1909f56bfc062723c751e8b465ee728b)
Start importing Assets/Scripts/Inicio.cs using Guid(11a748c3455e7eb43aee2a31363ac5b7) Importer(815301076,1909f56bfc062723c751e8b465ee728b)  -> (artifact id: '5eec355b800cd5cbf8f9da2ae1dfdd91') in 0.005804 seconds 
========================================================================
Received Prepare
Registering precompiled user dll's ...
Registered in 0.003003 seconds.
Begin MonoManager ReloadAssembly
Native extension for WindowsStandalone target not found
Refreshing native plugins compatible for Editor in 0.63 ms, found 2 plugins.
Preloading 0 native plugins for Editor in 0.00 ms.
Mono: successfully reloaded assembly
- Completed reload, in  0.916 seconds
Platform modules already initialized, skipping
Refreshing native plugins compatible for Editor in 0.63 ms, found 2 plugins.
Preloading 0 native plugins for Editor in 0.00 ms.
Unloading 3369 Unused Serialized files (Serialized files now loaded: 0)
System memory in use before: 145.2 MB.
System memory in use after: 145.3 MB.

Unloading 17 unused Assets to reduce memory usage. Loaded Objects now: 4331.
Total: 2.822000 ms (FindLiveObjects: 0.488600 ms CreateObjectMapping: 0.262600 ms MarkObjects: 1.975300 ms  DeleteObjects: 0.094500 ms)

========================================================================
Received Prepare
Registering precompiled user dll's ...
Registered in 0.003005 seconds.
Begin MonoManager ReloadAssembly
Native extension for WindowsStandalone target not found
Refreshing native plugins compatible for Editor in 0.67 ms, found 2 plugins.
Preloading 0 native plugins for Editor in 0.00 ms.
Mono: successfully reloaded assembly
- Completed reload, in  0.924 seconds
Platform modules already initialized, skipping
Refreshing native plugins compatible for Editor in 0.59 ms, found 2 plugins.
Preloading 0 native plugins for Editor in 0.00 ms.
Unloading 3369 Unused Serialized files (Serialized files now loaded: 0)
System memory in use before: 145.2 MB.
System memory in use after: 145.3 MB.

Unloading 17 unused Assets to reduce memory usage. Loaded Objects now: 4335.
Total: 2.939500 ms (FindLiveObjects: 0.415600 ms CreateObjectMapping: 0.339600 ms MarkObjects: 2.091100 ms  DeleteObjects: 0.092200 ms)

========================================================================
Received Prepare
Registering precompiled user dll's ...
Registered in 0.002938 seconds.
Begin MonoManager ReloadAssembly
Native extension for WindowsStandalone target not found
Refreshing native plugins compatible for Editor in 0.59 ms, found 2 plugins.
Preloading 0 native plugins for Editor in 0.00 ms.
Mono: successfully reloaded assembly
- Completed reload, in  0.898 seconds
Platform modules already initialized, skipping
Refreshing native plugins compatible for Editor in 0.75 ms, found 2 plugins.
Preloading 0 native plugins for Editor in 0.00 ms.
Unloading 3369 Unused Serialized files (Serialized files now loaded: 0)
System memory in use before: 145.2 MB.
System memory in use after: 145.4 MB.

Unloading 17 unused Assets to reduce memory usage. Loaded Objects now: 4339.
Total: 2.394600 ms (FindLiveObjects: 0.305500 ms CreateObjectMapping: 0.188900 ms MarkObjects: 1.809700 ms  DeleteObjects: 0.089900 ms)

========================================================================
Received Import Request.
  Time since last request: 64.807581 seconds.
  path: Assets/Scenes/SampleScene.unity
  artifactKey: Guid(2cda990e2423bbf4892e6590ba056729) Importer(815301076,1909f56bfc062723c751e8b465ee728b)
Start importing Assets/Scenes/SampleScene.unity using Guid(2cda990e2423bbf4892e6590ba056729) Importer(815301076,1909f56bfc062723c751e8b465ee728b)  -> (artifact id: 'd30e9fa3b80011e017e821aba87e64d7') in 0.039333 seconds 
========================================================================
Received Import Request.
  Time since last request: 4.731706 seconds.
  path: Assets/Scenes/Menu.unity
  artifactKey: Guid(86667cdaf36305b43a5807d13dea20fb) Importer(815301076,1909f56bfc062723c751e8b465ee728b)
Start importing Assets/Scenes/Menu.unity using Guid(86667cdaf36305b43a5807d13dea20fb) Importer(815301076,1909f56bfc062723c751e8b465ee728b)  -> (artifact id: '7dc0183fedaa939c96bf5d908e7f3eb8') in 0.021320 seconds 
========================================================================
Received Prepare
Registering precompiled user dll's ...
Registered in 0.006546 seconds.
Begin MonoManager ReloadAssembly
Native extension for WindowsStandalone target not found
Refreshing native plugins compatible for Editor in 0.72 ms, found 2 plugins.
Preloading 0 native plugins for Editor in 0.00 ms.
Mono: successfully reloaded assembly
- Completed reload, in  0.932 seconds
Platform modules already initialized, skipping
Refreshing native plugins compatible for Editor in 0.61 ms, found 2 plugins.
Preloading 0 native plugins for Editor in 0.00 ms.
Unloading 3369 Unused Serialized files (Serialized files now loaded: 0)
System memory in use before: 145.2 MB.
System memory in use after: 145.4 MB.

Unloading 17 unused Assets to reduce memory usage. Loaded Objects now: 4343.
Total: 3.338200 ms (FindLiveObjects: 0.374700 ms CreateObjectMapping: 0.237600 ms MarkObjects: 2.582200 ms  DeleteObjects: 0.142300 ms)

========================================================================
Received Prepare
Registering precompiled user dll's ...
Registered in 0.002985 seconds.
Begin MonoManager ReloadAssembly
Native extension for WindowsStandalone target not found
Refreshing native plugins compatible for Editor in 0.74 ms, found 2 plugins.
Preloading 0 native plugins for Editor in 0.00 ms.
Mono: successfully reloaded assembly
- Completed reload, in  0.931 seconds
Platform modules already initialized, skipping
Refreshing native plugins compatible for Editor in 0.67 ms, found 2 plugins.
Preloading 0 native plugins for Editor in 0.00 ms.
Unloading 3369 Unused Serialized files (Serialized files now loaded: 0)
System memory in use before: 145.3 MB.
System memory in use after: 145.4 MB.

Unloading 17 unused Assets to reduce memory usage. Loaded Objects now: 4347.
Total: 3.267700 ms (FindLiveObjects: 0.583300 ms CreateObjectMapping: 0.276200 ms MarkObjects: 2.307800 ms  DeleteObjects: 0.098900 ms)

========================================================================
Received Prepare
Registering precompiled user dll's ...
Registered in 0.003216 seconds.
Begin MonoManager ReloadAssembly
Native extension for WindowsStandalone target not found
Refreshing native plugins compatible for Editor in 1.14 ms, found 2 plugins.
Preloading 0 native plugins for Editor in 0.00 ms.
Mono: successfully reloaded assembly
- Completed reload, in  0.966 seconds
Platform modules already initialized, skipping
Refreshing native plugins compatible for Editor in 0.72 ms, found 2 plugins.
Preloading 0 native plugins for Editor in 0.00 ms.
Unloading 3369 Unused Serialized files (Serialized files now loaded: 0)
System memory in use before: 145.3 MB.
System memory in use after: 145.4 MB.

Unloading 17 unused Assets to reduce memory usage. Loaded Objects now: 4351.
Total: 3.281800 ms (FindLiveObjects: 0.378200 ms CreateObjectMapping: 0.209900 ms MarkObjects: 2.603000 ms  DeleteObjects: 0.089600 ms)

========================================================================
Received Prepare
Registering precompiled user dll's ...
Registered in 0.003006 seconds.
Begin MonoManager ReloadAssembly
Native extension for WindowsStandalone target not found
Refreshing native plugins compatible for Editor in 1.87 ms, found 2 plugins.
Preloading 0 native plugins for Editor in 0.00 ms.
Mono: successfully reloaded assembly
- Completed reload, in  1.352 seconds
Platform modules already initialized, skipping
Refreshing native plugins compatible for Editor in 0.65 ms, found 2 plugins.
Preloading 0 native plugins for Editor in 0.00 ms.
Unloading 3369 Unused Serialized files (Serialized files now loaded: 0)
System memory in use before: 145.3 MB.
System memory in use after: 145.4 MB.

Unloading 17 unused Assets to reduce memory usage. Loaded Objects now: 4355.
Total: 2.796700 ms (FindLiveObjects: 0.485900 ms CreateObjectMapping: 0.289200 ms MarkObjects: 1.900200 ms  DeleteObjects: 0.120500 ms)

========================================================================
Received Prepare
Registering precompiled user dll's ...
Registered in 0.002965 seconds.
Begin MonoManager ReloadAssembly
Native extension for WindowsStandalone target not found
Refreshing native plugins compatible for Editor in 0.77 ms, found 2 plugins.
Preloading 0 native plugins for Editor in 0.00 ms.
Mono: successfully reloaded assembly
- Completed reload, in  1.007 seconds
Platform modules already initialized, skipping
Refreshing native plugins compatible for Editor in 0.62 ms, found 2 plugins.
Preloading 0 native plugins for Editor in 0.00 ms.
Unloading 3369 Unused Serialized files (Serialized files now loaded: 0)
System memory in use before: 145.5 MB.
System memory in use after: 145.6 MB.

Unloading 17 unused Assets to reduce memory usage. Loaded Objects now: 4359.
Total: 3.074100 ms (FindLiveObjects: 0.359900 ms CreateObjectMapping: 0.193300 ms MarkObjects: 2.381000 ms  DeleteObjects: 0.139200 ms)

========================================================================
Received Prepare
Registering precompiled user dll's ...
Registered in 0.003095 seconds.
Begin MonoManager ReloadAssembly
Native extension for WindowsStandalone target not found
Refreshing native plugins compatible for Editor in 0.68 ms, found 2 plugins.
Preloading 0 native plugins for Editor in 0.00 ms.
Mono: successfully reloaded assembly
- Completed reload, in  1.067 seconds
Platform modules already initialized, skipping
Refreshing native plugins compatible for Editor in 0.60 ms, found 2 plugins.
Preloading 0 native plugins for Editor in 0.00 ms.
Unloading 3369 Unused Serialized files (Serialized files now loaded: 0)
System memory in use before: 145.5 MB.
System memory in use after: 145.6 MB.

Unloading 17 unused Assets to reduce memory usage. Loaded Objects now: 4363.
Total: 2.509800 ms (FindLiveObjects: 0.341800 ms CreateObjectMapping: 0.218000 ms MarkObjects: 1.865100 ms  DeleteObjects: 0.083800 ms)

========================================================================
Received Prepare
Registering precompiled user dll's ...
Registered in 0.003136 seconds.
Begin MonoManager ReloadAssembly
Native extension for WindowsStandalone target not found
Refreshing native plugins compatible for Editor in 0.64 ms, found 2 plugins.
Preloading 0 native plugins for Editor in 0.00 ms.
Mono: successfully reloaded assembly
- Completed reload, in  0.999 seconds
Platform modules already initialized, skipping
Refreshing native plugins compatible for Editor in 1.23 ms, found 2 plugins.
Preloading 0 native plugins for Editor in 0.00 ms.
Unloading 3369 Unused Serialized files (Serialized files now loaded: 0)
System memory in use before: 145.5 MB.
System memory in use after: 145.6 MB.

Unloading 17 unused Assets to reduce memory usage. Loaded Objects now: 4367.
Total: 2.798100 ms (FindLiveObjects: 0.475400 ms CreateObjectMapping: 0.274900 ms MarkObjects: 1.949200 ms  DeleteObjects: 0.097600 ms)

========================================================================
Received Prepare
Registering precompiled user dll's ...
Registered in 0.003023 seconds.
Begin MonoManager ReloadAssembly
Native extension for WindowsStandalone target not found
Refreshing native plugins compatible for Editor in 0.62 ms, found 2 plugins.
Preloading 0 native plugins for Editor in 0.00 ms.
Mono: successfully reloaded assembly
- Completed reload, in  1.100 seconds
Platform modules already initialized, skipping
Refreshing native plugins compatible for Editor in 1.02 ms, found 2 plugins.
Preloading 0 native plugins for Editor in 0.00 ms.
Unloading 3369 Unused Serialized files (Serialized files now loaded: 0)
System memory in use before: 145.5 MB.
System memory in use after: 145.6 MB.

Unloading 17 unused Assets to reduce memory usage. Loaded Objects now: 4371.
Total: 2.649300 ms (FindLiveObjects: 0.336000 ms CreateObjectMapping: 0.196700 ms MarkObjects: 2.016200 ms  DeleteObjects: 0.099300 ms)

========================================================================
Received Prepare
Registering precompiled user dll's ...
Registered in 0.004676 seconds.
Begin MonoManager ReloadAssembly
Native extension for WindowsStandalone target not found
Refreshing native plugins compatible for Editor in 0.67 ms, found 2 plugins.
Preloading 0 native plugins for Editor in 0.00 ms.
Mono: successfully reloaded assembly
- Completed reload, in  1.288 seconds
Platform modules already initialized, skipping
Refreshing native plugins compatible for Editor in 1.64 ms, found 2 plugins.
Preloading 0 native plugins for Editor in 0.00 ms.
Unloading 3369 Unused Serialized files (Serialized files now loaded: 0)
System memory in use before: 145.5 MB.
System memory in use after: 145.6 MB.

Unloading 17 unused Assets to reduce memory usage. Loaded Objects now: 4375.
Total: 4.905300 ms (FindLiveObjects: 0.631600 ms CreateObjectMapping: 0.392800 ms MarkObjects: 3.662000 ms  DeleteObjects: 0.216500 ms)

AssetImportWorkerClient::OnTransportError - code=2 error=End of file
